c:\code\degree_projects\multiprinter\multiprinter\debug\vc141.pdb
c:\code\degree_projects\multiprinter\multiprinter\debug\vc141.idb
c:\code\degree_projects\multiprinter\multiprinter\debug\test.obj
c:\code\degree_projects\multiprinter\multiprinter\debug\printer.obj
c:\code\degree_projects\multiprinter\multiprinter\debug\queue_point.obj
c:\code\degree_projects\multiprinter\multiprinter\debug\source.obj
c:\code\degree_projects\multiprinter\multiprinter\debug\stack_point.obj
c:\code\degree_projects\multiprinter\debug\multiprinter.pdb
c:\code\degree_projects\multiprinter\multiprinter\debug\multiprinter.tlog\cl.command.1.tlog
c:\code\degree_projects\multiprinter\multiprinter\debug\multiprinter.tlog\cl.read.1.tlog
c:\code\degree_projects\multiprinter\multiprinter\debug\multiprinter.tlog\cl.write.1.tlog
c:\code\degree_projects\multiprinter\multiprinter\debug\multiprinter.tlog\link.7920-cvtres.read.1.tlog
c:\code\degree_projects\multiprinter\multiprinter\debug\multiprinter.tlog\link.7920-cvtres.write.1.tlog
c:\code\degree_projects\multiprinter\multiprinter\debug\multiprinter.tlog\link.7920-rc.read.1.tlog
c:\code\degree_projects\multiprinter\multiprinter\debug\multiprinter.tlog\link.7920-rc.write.1.tlog
c:\code\degree_projects\multiprinter\multiprinter\debug\multiprinter.tlog\link.7920.read.1.tlog
c:\code\degree_projects\multiprinter\multiprinter\debug\multiprinter.tlog\link.7920.write.1.tlog
c:\code\degree_projects\multiprinter\multiprinter\debug\multiprinter.tlog\link.command.1.tlog
c:\code\degree_projects\multiprinter\multiprinter\debug\multiprinter.tlog\link.read.1.tlog
c:\code\degree_projects\multiprinter\multiprinter\debug\multiprinter.tlog\link.write.1.tlog
